2024-02-22 12:22:34,774 INFO c.m.u.Log [main] Test Suit Execution Started
2024-02-22 12:22:34,777 INFO c.m.u.Log [main] BaseClass - loadProperties() initiated
2024-02-22 12:22:34,809 INFO c.m.u.Log [TestNG-test=Firefox-Test-1] beforeClass Started on Browser -firefox
2024-02-22 12:22:34,809 INFO c.m.u.Log [TestNG-test=Firefox-Test-2] beforeClass Started on Browser -firefox
2024-02-22 12:22:34,809 INFO c.m.u.Log [TestNG-test=Chrome-Test-1] beforeClass Started on Browser -chrome
2024-02-22 12:22:34,809 INFO c.m.u.Log [TestNG-test=Chrome-Test-2] beforeClass Started on Browser -chrome
2024-02-22 12:22:34,809 INFO c.m.u.Log [TestNG-test=Chrome-Test-3] beforeClass Started on Browser -chrome
2024-02-22 12:22:34,809 INFO c.m.u.Log [TestNG-test=Firefox-Test-2] BaseClass - setupDriver() initiated
2024-02-22 12:22:34,811 INFO c.m.u.Log [TestNG-test=Chrome-Test-3] BaseClass - setupDriver() initiated
2024-02-22 12:22:34,809 INFO c.m.u.Log [TestNG-test=Firefox-Test-1] BaseClass - setupDriver() initiated
2024-02-22 12:22:34,810 INFO c.m.u.Log [TestNG-test=Chrome-Test-1] BaseClass - setupDriver() initiated
2024-02-22 12:22:34,811 INFO c.m.u.Log [TestNG-test=Chrome-Test-2] BaseClass - setupDriver() initiated
2024-02-22 12:22:45,636 INFO c.m.u.Log [TestNG-test=Chrome-Test-1] DriverManager - setDriver() - Chrome driver is setup
2024-02-22 12:22:45,637 INFO c.m.u.Log [TestNG-test=Chrome-Test-1] BaseClass - launchWebsite() initiated
2024-02-22 12:22:45,693 INFO c.m.u.Log [TestNG-test=Chrome-Test-2] DriverManager - setDriver() - Chrome driver is setup
2024-02-22 12:22:45,694 INFO c.m.u.Log [TestNG-test=Chrome-Test-2] BaseClass - launchWebsite() initiated
2024-02-22 12:22:45,704 INFO c.m.u.Log [TestNG-test=Chrome-Test-3] DriverManager - setDriver() - Chrome driver is setup
2024-02-22 12:22:45,704 INFO c.m.u.Log [TestNG-test=Chrome-Test-3] BaseClass - launchWebsite() initiated
2024-02-22 12:22:51,520 INFO c.m.u.Log [TestNG-test=Firefox-Test-2] DriverManager - setDriver() - Firefox driver is setup
2024-02-22 12:22:51,520 INFO c.m.u.Log [TestNG-test=Firefox-Test-2] BaseClass - launchWebsite() initiated
2024-02-22 12:22:51,705 INFO c.m.u.Log [TestNG-test=Firefox-Test-1] DriverManager - setDriver() - Firefox driver is setup
2024-02-22 12:22:51,706 INFO c.m.u.Log [TestNG-test=Firefox-Test-1] BaseClass - launchWebsite() initiated
2024-02-22 12:22:55,363 INFO c.m.u.Log [TestNG-test=Chrome-Test-1] com.myframework.testcases.homepage.VerifyHomeScreen Test cases Started - verifyHomePageTitle
2024-02-22 12:22:55,653 INFO c.m.u.Log [TestNG-test=Chrome-Test-2] com.myframework.testcases.product.verifySortByOnProduct Test cases Started - hoverOnMenuAndSelectMenu
2024-02-22 12:22:55,661 INFO c.m.u.Log [TestNG-test=Chrome-Test-3] com.myframework.testcases.signin_singup.VerifyUserSingIn Test cases Started - verifySignInBtnIsVisible
2024-02-22 12:22:55,866 INFO c.m.u.Log [TestNG-test=Chrome-Test-1] com.myframework.testcases.homepage.VerifyHomeScreen Test cases Started - verifyHomePageTitle
2024-02-22 12:22:55,875 INFO c.m.u.Log [TestNG-test=Chrome-Test-1] com.myframework.testcases.homepage.VerifyHomeScreen Test cases Started - verifySignInBtnIsVisible
2024-02-22 12:22:56,105 INFO c.m.u.Log [TestNG-test=Chrome-Test-3] com.myframework.testcases.signin_singup.VerifyUserSingIn Test cases Started - verifySignInBtnIsVisible
2024-02-22 12:22:56,111 INFO c.m.u.Log [TestNG-test=Chrome-Test-3] com.myframework.testcases.signin_singup.VerifyUserSingIn Test cases Started - verifySignInBtnIsClickable
2024-02-22 12:22:56,113 INFO c.m.u.Log [TestNG-test=Chrome-Test-1] com.myframework.testcases.homepage.VerifyHomeScreen Test cases Started - verifySignInBtnIsVisible
2024-02-22 12:22:56,116 INFO c.m.u.Log [TestNG-test=Chrome-Test-1] com.myframework.testcases.homepage.VerifyHomeScreen Test cases Started - verifyMainMenuOptions
2024-02-22 12:22:56,676 INFO c.m.u.Log [TestNG-test=Firefox-Test-2] com.myframework.testcases.product.verifySortByOnProduct Test cases Started - hoverOnMenuAndSelectMenu
2024-02-22 12:22:56,758 INFO c.m.u.Log [TestNG-test=Firefox-Test-1] com.myframework.testcases.homepage.VerifyHomeScreen Test cases Started - verifyHomePageTitle
2024-02-22 12:22:56,810 INFO c.m.u.Log [TestNG-test=Firefox-Test-1] com.myframework.testcases.homepage.VerifyHomeScreen Test cases Started - verifyHomePageTitle
2024-02-22 12:22:56,821 INFO c.m.u.Log [TestNG-test=Firefox-Test-1] com.myframework.testcases.homepage.VerifyHomeScreen Test cases Started - verifySignInBtnIsVisible
2024-02-22 12:22:56,963 INFO c.m.u.Log [TestNG-test=Firefox-Test-1] com.myframework.testcases.homepage.VerifyHomeScreen Test cases Started - verifySignInBtnIsVisible
2024-02-22 12:22:56,966 INFO c.m.u.Log [TestNG-test=Firefox-Test-1] com.myframework.testcases.homepage.VerifyHomeScreen Test cases Started - verifyMainMenuOptions
2024-02-22 12:22:57,060 INFO c.m.u.Log [TestNG-test=Chrome-Test-3] com.myframework.testcases.signin_singup.VerifyUserSingIn Test cases Started - verifySignInBtnIsClickable
2024-02-22 12:22:57,060 INFO c.m.u.Log [TestNG-test=Chrome-Test-1] com.myframework.testcases.homepage.VerifyHomeScreen Test cases Started - verifyMainMenuOptions
2024-02-22 12:22:57,062 INFO c.m.u.Log [TestNG-test=Chrome-Test-3] com.myframework.testcases.signin_singup.VerifyUserSingIn Test cases Started - verifyUserTapOnSignInBtn
2024-02-22 12:22:57,209 INFO c.m.u.Log [TestNG-test=Firefox-Test-1] com.myframework.testcases.homepage.VerifyHomeScreen Test cases Started - verifyMainMenuOptions
2024-02-22 12:22:58,380 INFO c.m.u.Log [TestNG-test=Firefox-Test-2] com.myframework.testcases.product.verifySortByOnProduct Test cases Started - hoverOnMenuAndSelectMenu
2024-02-22 12:22:58,382 INFO c.m.u.Log [TestNG-test=Firefox-Test-2] com.myframework.testcases.product.verifySortByOnProduct Test cases Started - verifyPageBreadCrumb
2024-02-22 12:22:58,584 INFO c.m.u.Log [TestNG-test=Chrome-Test-3] com.myframework.testcases.signin_singup.VerifyUserSingIn Test cases Started - verifyUserTapOnSignInBtn
2024-02-22 12:23:00,471 INFO c.m.u.Log [TestNG-test=Chrome-Test-2] com.myframework.testcases.product.verifySortByOnProduct Test cases Started - hoverOnMenuAndSelectMenu
2024-02-22 12:23:00,472 INFO c.m.u.Log [TestNG-test=Chrome-Test-2] com.myframework.testcases.product.verifySortByOnProduct Test cases Started - verifyPageBreadCrumb
2024-02-22 12:23:00,647 INFO c.m.u.Log [TestNG-test=Chrome-Test-2] com.myframework.testcases.product.verifySortByOnProduct Test cases Started - verifyPageBreadCrumb
2024-02-22 12:23:00,648 INFO c.m.u.Log [TestNG-test=Chrome-Test-2] com.myframework.testcases.product.verifySortByOnProduct Test cases Started - selectSortOptionByText
2024-02-22 12:23:01,659 INFO c.m.u.Log [TestNG-test=Chrome-Test-3] com.myframework.testcases.signin_singup.VerifyUserSingIn Test cases Started - verifyInvalidUserLogin
2024-02-22 12:23:01,710 INFO c.m.u.Log [TestNG-test=Firefox-Test-1] DriverManager - unload() - Driver has been unload
2024-02-22 12:23:01,713 INFO c.m.u.Log [TestNG-test=Firefox-Test-1] beforeClass Started on Browser -firefox
2024-02-22 12:23:01,713 INFO c.m.u.Log [TestNG-test=Firefox-Test-1] BaseClass - setupDriver() initiated
2024-02-22 12:23:01,907 INFO c.m.u.Log [TestNG-test=Chrome-Test-2] com.myframework.testcases.product.verifySortByOnProduct Test cases Started - selectSortOptionByText
2024-02-22 12:23:01,909 INFO c.m.u.Log [TestNG-test=Chrome-Test-2] com.myframework.testcases.product.verifySortByOnProduct Test cases Started - scrollPageTillSortByOption
2024-02-22 12:23:01,981 INFO c.m.u.Log [TestNG-test=Chrome-Test-2] com.myframework.testcases.product.verifySortByOnProduct Test cases Started - scrollPageTillSortByOption
2024-02-22 12:23:01,984 INFO c.m.u.Log [TestNG-test=Chrome-Test-2] com.myframework.testcases.product.verifySortByOnProduct Test cases Started - verifyProductOrderBy
2024-02-22 12:23:02,372 INFO c.m.u.Log [TestNG-test=Chrome-Test-2] com.myframework.testcases.product.verifySortByOnProduct Test cases Started - verifyProductOrderBy
2024-02-22 12:23:03,537 INFO c.m.u.Log [TestNG-test=Chrome-Test-1] DriverManager - unload() - Driver has been unload
2024-02-22 12:23:03,612 INFO c.m.u.Log [TestNG-test=Chrome-Test-3] com.myframework.testcases.signin_singup.VerifyUserSingIn Test cases Started - verifyInvalidUserLogin
2024-02-22 12:23:03,613 INFO c.m.u.Log [TestNG-test=Chrome-Test-3] com.myframework.testcases.signin_singup.VerifyUserSingIn Test cases Started - verifyInvalidUserLogin
2024-02-22 12:23:03,951 INFO c.m.u.Log [TestNG-test=Chrome-Test-2] DriverManager - unload() - Driver has been unload
2024-02-22 12:23:04,682 INFO c.m.u.Log [TestNG-test=Chrome-Test-3] com.myframework.testcases.signin_singup.VerifyUserSingIn Test cases Started - verifyInvalidUserLogin
2024-02-22 12:23:04,684 INFO c.m.u.Log [TestNG-test=Chrome-Test-3] com.myframework.testcases.signin_singup.VerifyUserSingIn Test cases Started - verifyValidUserLogin
2024-02-22 12:23:06,293 INFO c.m.u.Log [TestNG-test=Chrome-Test-3] com.myframework.testcases.signin_singup.VerifyUserSingIn Test cases Started - verifyValidUserLogin
2024-02-22 12:23:06,294 INFO c.m.u.Log [TestNG-test=Chrome-Test-3] com.myframework.testcases.signin_singup.VerifyUserSingIn Test cases Started - verifyUserSignOut
2024-02-22 12:23:07,265 INFO c.m.u.Log [TestNG-test=Chrome-Test-3] com.myframework.testcases.signin_singup.VerifyUserSingIn Test cases Started - verifyUserSignOut
2024-02-22 12:23:07,883 INFO c.m.u.Log [TestNG-test=Chrome-Test-3] DriverManager - unload() - Driver has been unload
2024-02-22 12:23:08,790 INFO c.m.u.Log [TestNG-test=Firefox-Test-1] DriverManager - setDriver() - Firefox driver is setup
2024-02-22 12:23:08,791 INFO c.m.u.Log [TestNG-test=Firefox-Test-1] BaseClass - launchWebsite() initiated
2024-02-22 12:23:12,401 INFO c.m.u.Log [TestNG-test=Firefox-Test-1] com.myframework.testcases.signin_singup.VerifyUserSingIn Test cases Started - verifySignInBtnIsVisible
2024-02-22 12:23:12,439 INFO c.m.u.Log [TestNG-test=Firefox-Test-1] com.myframework.testcases.signin_singup.VerifyUserSingIn Test cases Started - verifySignInBtnIsVisible
2024-02-22 12:23:12,440 INFO c.m.u.Log [TestNG-test=Firefox-Test-1] com.myframework.testcases.signin_singup.VerifyUserSingIn Test cases Started - verifySignInBtnIsClickable
2024-02-22 12:23:12,483 INFO c.m.u.Log [TestNG-test=Firefox-Test-1] com.myframework.testcases.signin_singup.VerifyUserSingIn Test cases Started - verifySignInBtnIsClickable
2024-02-22 12:23:12,484 INFO c.m.u.Log [TestNG-test=Firefox-Test-1] com.myframework.testcases.signin_singup.VerifyUserSingIn Test cases Started - verifyUserTapOnSignInBtn
2024-02-22 12:23:13,227 INFO c.m.u.Log [TestNG-test=Firefox-Test-1] com.myframework.testcases.signin_singup.VerifyUserSingIn Test cases Started - verifyUserTapOnSignInBtn
2024-02-22 12:23:13,267 INFO c.m.u.Log [TestNG-test=Firefox-Test-1] com.myframework.testcases.signin_singup.VerifyUserSingIn Test cases Started - verifyInvalidUserLogin
2024-02-22 12:23:13,477 INFO c.m.u.Log [TestNG-test=Firefox-Test-2] com.myframework.testcases.product.verifySortByOnProduct Test cases Started - verifyPageBreadCrumb
2024-02-22 12:23:13,478 INFO c.m.u.Log [TestNG-test=Firefox-Test-2] com.myframework.testcases.product.verifySortByOnProduct Test cases Started - selectSortOptionByText
2024-02-22 12:23:13,847 INFO c.m.u.Log [TestNG-test=Firefox-Test-1] com.myframework.testcases.signin_singup.VerifyUserSingIn Test cases Started - verifyInvalidUserLogin
2024-02-22 12:23:13,848 INFO c.m.u.Log [TestNG-test=Firefox-Test-1] com.myframework.testcases.signin_singup.VerifyUserSingIn Test cases Started - verifyInvalidUserLogin
2024-02-22 12:23:14,528 INFO c.m.u.Log [TestNG-test=Firefox-Test-2] com.myframework.testcases.product.verifySortByOnProduct Test cases Started - selectSortOptionByText
2024-02-22 12:23:14,529 INFO c.m.u.Log [TestNG-test=Firefox-Test-2] com.myframework.testcases.product.verifySortByOnProduct Test cases Started - scrollPageTillSortByOption
2024-02-22 12:23:14,572 INFO c.m.u.Log [TestNG-test=Firefox-Test-2] com.myframework.testcases.product.verifySortByOnProduct Test cases Started - scrollPageTillSortByOption
2024-02-22 12:23:14,573 INFO c.m.u.Log [TestNG-test=Firefox-Test-2] com.myframework.testcases.product.verifySortByOnProduct Test cases Started - verifyProductOrderBy
2024-02-22 12:23:14,610 INFO c.m.u.Log [TestNG-test=Firefox-Test-1] com.myframework.testcases.signin_singup.VerifyUserSingIn Test cases Started - verifyInvalidUserLogin
2024-02-22 12:23:14,611 INFO c.m.u.Log [TestNG-test=Firefox-Test-1] com.myframework.testcases.signin_singup.VerifyUserSingIn Test cases Started - verifyValidUserLogin
2024-02-22 12:23:14,735 INFO c.m.u.Log [TestNG-test=Firefox-Test-2] com.myframework.testcases.product.verifySortByOnProduct Test cases Started - verifyProductOrderBy
2024-02-22 12:23:15,624 INFO c.m.u.Log [TestNG-test=Firefox-Test-1] com.myframework.testcases.signin_singup.VerifyUserSingIn Test cases Started - verifyValidUserLogin
2024-02-22 12:23:15,625 INFO c.m.u.Log [TestNG-test=Firefox-Test-1] com.myframework.testcases.signin_singup.VerifyUserSingIn Test cases Started - verifyUserSignOut
2024-02-22 12:23:16,102 INFO c.m.u.Log [TestNG-test=Firefox-Test-2] DriverManager - unload() - Driver has been unload
2024-02-22 12:23:16,522 INFO c.m.u.Log [TestNG-test=Firefox-Test-1] com.myframework.testcases.signin_singup.VerifyUserSingIn Test cases Started - verifyUserSignOut
2024-02-22 12:23:17,969 INFO c.m.u.Log [TestNG-test=Firefox-Test-1] DriverManager - unload() - Driver has been unload
2024-02-22 12:23:17,978 INFO c.m.u.Log [main] Test Suit Execution Ended
2024-02-22 12:27:22,037 INFO c.m.u.Log [main] Test Suit Execution Started
2024-02-22 12:27:22,041 INFO c.m.u.Log [main] BaseClass - loadProperties() initiated
2024-02-22 12:27:22,081 INFO c.m.u.Log [TestNG-test=Chrome-Test-1] beforeClass Started on Browser -chrome
2024-02-22 12:27:22,081 INFO c.m.u.Log [TestNG-test=Chrome-Test-3] beforeClass Started on Browser -chrome
2024-02-22 12:27:22,081 INFO c.m.u.Log [TestNG-test=Chrome-Test-2] beforeClass Started on Browser -chrome
2024-02-22 12:27:22,081 INFO c.m.u.Log [TestNG-test=Firefox-Test-2] beforeClass Started on Browser -firefox
2024-02-22 12:27:22,081 INFO c.m.u.Log [TestNG-test=Firefox-Test-1] beforeClass Started on Browser -firefox
2024-02-22 12:27:22,082 INFO c.m.u.Log [TestNG-test=Firefox-Test-1] BaseClass - setupDriver() initiated
2024-02-22 12:27:22,082 INFO c.m.u.Log [TestNG-test=Firefox-Test-2] BaseClass - setupDriver() initiated
2024-02-22 12:27:22,082 INFO c.m.u.Log [TestNG-test=Chrome-Test-2] BaseClass - setupDriver() initiated
2024-02-22 12:27:22,082 INFO c.m.u.Log [TestNG-test=Chrome-Test-3] BaseClass - setupDriver() initiated
2024-02-22 12:27:22,082 INFO c.m.u.Log [TestNG-test=Chrome-Test-1] BaseClass - setupDriver() initiated
2024-02-22 12:27:38,044 INFO c.m.u.Log [TestNG-test=Chrome-Test-2] DriverManager - setDriver() - Chrome driver is setup
2024-02-22 12:27:38,044 INFO c.m.u.Log [TestNG-test=Chrome-Test-2] BaseClass - launchWebsite() initiated
2024-02-22 12:27:38,044 INFO c.m.u.Log [TestNG-test=Chrome-Test-1] DriverManager - setDriver() - Chrome driver is setup
2024-02-22 12:27:38,044 INFO c.m.u.Log [TestNG-test=Chrome-Test-1] BaseClass - launchWebsite() initiated
2024-02-22 12:27:38,045 INFO c.m.u.Log [TestNG-test=Chrome-Test-3] DriverManager - setDriver() - Chrome driver is setup
2024-02-22 12:27:38,045 INFO c.m.u.Log [TestNG-test=Chrome-Test-3] BaseClass - launchWebsite() initiated
2024-02-22 12:27:38,421 INFO c.m.u.Log [TestNG-test=Firefox-Test-2] DriverManager - setDriver() - Firefox driver is setup
2024-02-22 12:27:38,421 INFO c.m.u.Log [TestNG-test=Firefox-Test-2] BaseClass - launchWebsite() initiated
2024-02-22 12:27:38,421 INFO c.m.u.Log [TestNG-test=Firefox-Test-1] DriverManager - setDriver() - Firefox driver is setup
2024-02-22 12:27:38,421 INFO c.m.u.Log [TestNG-test=Firefox-Test-1] BaseClass - launchWebsite() initiated
2024-02-22 12:27:42,695 INFO c.m.u.Log [TestNG-test=Firefox-Test-2] com.myframework.testcases.product.verifySortByOnProduct Test cases Started - hoverOnMenuAndSelectMenu
2024-02-22 12:27:42,695 INFO c.m.u.Log [TestNG-test=Firefox-Test-1] com.myframework.testcases.homepage.VerifyHomeScreen Test cases Started - verifyHomePageTitle
2024-02-22 12:27:42,822 INFO c.m.u.Log [TestNG-test=Firefox-Test-1] com.myframework.testcases.homepage.VerifyHomeScreen Test cases Started - verifyHomePageTitle
2024-02-22 12:27:42,823 INFO c.m.u.Log [TestNG-test=Firefox-Test-1] com.myframework.testcases.homepage.VerifyHomeScreen Test cases Started - verifySignInBtnIsVisible
2024-02-22 12:27:42,954 INFO c.m.u.Log [TestNG-test=Firefox-Test-1] com.myframework.testcases.homepage.VerifyHomeScreen Test cases Started - verifySignInBtnIsVisible
2024-02-22 12:27:42,955 INFO c.m.u.Log [TestNG-test=Firefox-Test-1] com.myframework.testcases.homepage.VerifyHomeScreen Test cases Started - verifyMainMenuOptions
2024-02-22 12:27:43,187 INFO c.m.u.Log [TestNG-test=Firefox-Test-1] com.myframework.testcases.homepage.VerifyHomeScreen Test cases Started - verifyMainMenuOptions
2024-02-22 12:27:43,222 INFO c.m.u.Log [TestNG-test=Chrome-Test-2] com.myframework.testcases.product.verifySortByOnProduct Test cases Started - hoverOnMenuAndSelectMenu
2024-02-22 12:27:43,305 INFO c.m.u.Log [TestNG-test=Chrome-Test-3] com.myframework.testcases.signin_singup.VerifyUserSingIn Test cases Started - verifySignInBtnIsVisible
2024-02-22 12:27:43,360 INFO c.m.u.Log [TestNG-test=Chrome-Test-1] com.myframework.testcases.homepage.VerifyHomeScreen Test cases Started - verifyHomePageTitle
2024-02-22 12:27:43,396 INFO c.m.u.Log [TestNG-test=Chrome-Test-1] com.myframework.testcases.homepage.VerifyHomeScreen Test cases Started - verifyHomePageTitle
2024-02-22 12:27:43,397 INFO c.m.u.Log [TestNG-test=Chrome-Test-1] com.myframework.testcases.homepage.VerifyHomeScreen Test cases Started - verifySignInBtnIsVisible
2024-02-22 12:27:43,664 INFO c.m.u.Log [TestNG-test=Chrome-Test-3] com.myframework.testcases.signin_singup.VerifyUserSingIn Test cases Started - verifySignInBtnIsVisible
2024-02-22 12:27:43,667 INFO c.m.u.Log [TestNG-test=Chrome-Test-3] com.myframework.testcases.signin_singup.VerifyUserSingIn Test cases Started - verifySignInBtnIsClickable
2024-02-22 12:27:43,842 INFO c.m.u.Log [TestNG-test=Chrome-Test-3] com.myframework.testcases.signin_singup.VerifyUserSingIn Test cases Started - verifySignInBtnIsClickable
2024-02-22 12:27:43,844 INFO c.m.u.Log [TestNG-test=Chrome-Test-3] com.myframework.testcases.signin_singup.VerifyUserSingIn Test cases Started - verifyUserTapOnSignInBtn
2024-02-22 12:27:43,855 INFO c.m.u.Log [TestNG-test=Chrome-Test-1] com.myframework.testcases.homepage.VerifyHomeScreen Test cases Started - verifySignInBtnIsVisible
2024-02-22 12:27:43,856 INFO c.m.u.Log [TestNG-test=Chrome-Test-1] com.myframework.testcases.homepage.VerifyHomeScreen Test cases Started - verifyMainMenuOptions
2024-02-22 12:27:44,034 INFO c.m.u.Log [TestNG-test=Firefox-Test-2] com.myframework.testcases.product.verifySortByOnProduct Test cases Started - hoverOnMenuAndSelectMenu
2024-02-22 12:27:44,036 INFO c.m.u.Log [TestNG-test=Firefox-Test-2] com.myframework.testcases.product.verifySortByOnProduct Test cases Started - verifyPageBreadCrumb
2024-02-22 12:27:44,128 INFO c.m.u.Log [TestNG-test=Chrome-Test-1] com.myframework.testcases.homepage.VerifyHomeScreen Test cases Started - verifyMainMenuOptions
2024-02-22 12:27:45,243 INFO c.m.u.Log [TestNG-test=Chrome-Test-3] com.myframework.testcases.signin_singup.VerifyUserSingIn Test cases Started - verifyUserTapOnSignInBtn
2024-02-22 12:27:46,132 INFO c.m.u.Log [TestNG-test=Chrome-Test-2] com.myframework.testcases.product.verifySortByOnProduct Test cases Started - hoverOnMenuAndSelectMenu
2024-02-22 12:27:46,133 INFO c.m.u.Log [TestNG-test=Chrome-Test-2] com.myframework.testcases.product.verifySortByOnProduct Test cases Started - verifyPageBreadCrumb
2024-02-22 12:27:46,238 INFO c.m.u.Log [TestNG-test=Chrome-Test-2] com.myframework.testcases.product.verifySortByOnProduct Test cases Started - verifyPageBreadCrumb
2024-02-22 12:27:46,238 INFO c.m.u.Log [TestNG-test=Chrome-Test-2] com.myframework.testcases.product.verifySortByOnProduct Test cases Started - selectSortOptionByText
2024-02-22 12:27:46,448 INFO c.m.u.Log [TestNG-test=Chrome-Test-1] DriverManager - unload() - Driver has been unload
2024-02-22 12:27:46,633 INFO c.m.u.Log [TestNG-test=Firefox-Test-1] DriverManager - unload() - Driver has been unload
2024-02-22 12:27:46,634 INFO c.m.u.Log [TestNG-test=Firefox-Test-1] beforeClass Started on Browser -firefox
2024-02-22 12:27:46,634 INFO c.m.u.Log [TestNG-test=Firefox-Test-1] BaseClass - setupDriver() initiated
2024-02-22 12:27:47,503 INFO c.m.u.Log [TestNG-test=Chrome-Test-3] com.myframework.testcases.signin_singup.VerifyUserSingIn Test cases Started - verifyInvalidUserLogin
2024-02-22 12:27:47,524 INFO c.m.u.Log [TestNG-test=Chrome-Test-2] com.myframework.testcases.product.verifySortByOnProduct Test cases Started - selectSortOptionByText
2024-02-22 12:27:47,526 INFO c.m.u.Log [TestNG-test=Chrome-Test-2] com.myframework.testcases.product.verifySortByOnProduct Test cases Started - scrollPageTillSortByOption
2024-02-22 12:27:47,597 INFO c.m.u.Log [TestNG-test=Chrome-Test-2] com.myframework.testcases.product.verifySortByOnProduct Test cases Started - scrollPageTillSortByOption
2024-02-22 12:27:47,598 INFO c.m.u.Log [TestNG-test=Chrome-Test-2] com.myframework.testcases.product.verifySortByOnProduct Test cases Started - verifyProductOrderBy
2024-02-22 12:27:47,869 INFO c.m.u.Log [TestNG-test=Chrome-Test-2] com.myframework.testcases.product.verifySortByOnProduct Test cases Started - verifyProductOrderBy
2024-02-22 12:27:48,102 INFO c.m.u.Log [TestNG-test=Chrome-Test-2] DriverManager - unload() - Driver has been unload
2024-02-22 12:27:48,588 INFO c.m.u.Log [TestNG-test=Chrome-Test-3] com.myframework.testcases.signin_singup.VerifyUserSingIn Test cases Started - verifyInvalidUserLogin
2024-02-22 12:27:48,589 INFO c.m.u.Log [TestNG-test=Chrome-Test-3] com.myframework.testcases.signin_singup.VerifyUserSingIn Test cases Started - verifyInvalidUserLogin
2024-02-22 12:27:49,530 INFO c.m.u.Log [TestNG-test=Chrome-Test-3] com.myframework.testcases.signin_singup.VerifyUserSingIn Test cases Started - verifyInvalidUserLogin
2024-02-22 12:27:49,531 INFO c.m.u.Log [TestNG-test=Chrome-Test-3] com.myframework.testcases.signin_singup.VerifyUserSingIn Test cases Started - verifyValidUserLogin
2024-02-22 12:27:50,665 INFO c.m.u.Log [TestNG-test=Chrome-Test-3] com.myframework.testcases.signin_singup.VerifyUserSingIn Test cases Started - verifyValidUserLogin
2024-02-22 12:27:50,667 INFO c.m.u.Log [TestNG-test=Chrome-Test-3] com.myframework.testcases.signin_singup.VerifyUserSingIn Test cases Started - verifyUserSignOut
2024-02-22 12:27:51,579 INFO c.m.u.Log [TestNG-test=Firefox-Test-1] DriverManager - setDriver() - Firefox driver is setup
2024-02-22 12:27:51,579 INFO c.m.u.Log [TestNG-test=Firefox-Test-1] BaseClass - launchWebsite() initiated
2024-02-22 12:27:51,601 INFO c.m.u.Log [TestNG-test=Chrome-Test-3] com.myframework.testcases.signin_singup.VerifyUserSingIn Test cases Started - verifyUserSignOut
2024-02-22 12:27:52,456 INFO c.m.u.Log [TestNG-test=Chrome-Test-3] DriverManager - unload() - Driver has been unload
2024-02-22 12:27:55,258 INFO c.m.u.Log [TestNG-test=Firefox-Test-1] com.myframework.testcases.signin_singup.VerifyUserSingIn Test cases Started - verifySignInBtnIsVisible
2024-02-22 12:27:55,298 INFO c.m.u.Log [TestNG-test=Firefox-Test-1] com.myframework.testcases.signin_singup.VerifyUserSingIn Test cases Started - verifySignInBtnIsVisible
2024-02-22 12:27:55,300 INFO c.m.u.Log [TestNG-test=Firefox-Test-1] com.myframework.testcases.signin_singup.VerifyUserSingIn Test cases Started - verifySignInBtnIsClickable
2024-02-22 12:27:55,334 INFO c.m.u.Log [TestNG-test=Firefox-Test-1] com.myframework.testcases.signin_singup.VerifyUserSingIn Test cases Started - verifySignInBtnIsClickable
2024-02-22 12:27:55,334 INFO c.m.u.Log [TestNG-test=Firefox-Test-1] com.myframework.testcases.signin_singup.VerifyUserSingIn Test cases Started - verifyUserTapOnSignInBtn
2024-02-22 12:27:56,259 INFO c.m.u.Log [TestNG-test=Firefox-Test-1] com.myframework.testcases.signin_singup.VerifyUserSingIn Test cases Started - verifyUserTapOnSignInBtn
2024-02-22 12:27:56,318 INFO c.m.u.Log [TestNG-test=Firefox-Test-1] com.myframework.testcases.signin_singup.VerifyUserSingIn Test cases Started - verifyInvalidUserLogin
2024-02-22 12:27:57,027 INFO c.m.u.Log [TestNG-test=Firefox-Test-1] com.myframework.testcases.signin_singup.VerifyUserSingIn Test cases Started - verifyInvalidUserLogin
2024-02-22 12:27:57,028 INFO c.m.u.Log [TestNG-test=Firefox-Test-1] com.myframework.testcases.signin_singup.VerifyUserSingIn Test cases Started - verifyInvalidUserLogin
2024-02-22 12:27:57,624 INFO c.m.u.Log [TestNG-test=Firefox-Test-1] com.myframework.testcases.signin_singup.VerifyUserSingIn Test cases Started - verifyInvalidUserLogin
2024-02-22 12:27:57,625 INFO c.m.u.Log [TestNG-test=Firefox-Test-1] com.myframework.testcases.signin_singup.VerifyUserSingIn Test cases Started - verifyValidUserLogin
2024-02-22 12:27:58,563 INFO c.m.u.Log [TestNG-test=Firefox-Test-1] com.myframework.testcases.signin_singup.VerifyUserSingIn Test cases Started - verifyValidUserLogin
2024-02-22 12:27:58,563 INFO c.m.u.Log [TestNG-test=Firefox-Test-1] com.myframework.testcases.signin_singup.VerifyUserSingIn Test cases Started - verifyUserSignOut
2024-02-22 12:27:59,126 INFO c.m.u.Log [TestNG-test=Firefox-Test-2] com.myframework.testcases.product.verifySortByOnProduct Test cases Started - verifyPageBreadCrumb
2024-02-22 12:27:59,126 INFO c.m.u.Log [TestNG-test=Firefox-Test-2] com.myframework.testcases.product.verifySortByOnProduct Test cases Started - selectSortOptionByText
2024-02-22 12:27:59,474 INFO c.m.u.Log [TestNG-test=Firefox-Test-1] com.myframework.testcases.signin_singup.VerifyUserSingIn Test cases Started - verifyUserSignOut
2024-02-22 12:28:00,325 INFO c.m.u.Log [TestNG-test=Firefox-Test-2] com.myframework.testcases.product.verifySortByOnProduct Test cases Started - selectSortOptionByText
2024-02-22 12:28:00,326 INFO c.m.u.Log [TestNG-test=Firefox-Test-2] com.myframework.testcases.product.verifySortByOnProduct Test cases Started - scrollPageTillSortByOption
2024-02-22 12:28:00,342 INFO c.m.u.Log [TestNG-test=Firefox-Test-2] com.myframework.testcases.product.verifySortByOnProduct Test cases Started - scrollPageTillSortByOption
2024-02-22 12:28:00,342 INFO c.m.u.Log [TestNG-test=Firefox-Test-2] com.myframework.testcases.product.verifySortByOnProduct Test cases Started - verifyProductOrderBy
2024-02-22 12:28:00,492 INFO c.m.u.Log [TestNG-test=Firefox-Test-2] com.myframework.testcases.product.verifySortByOnProduct Test cases Started - verifyProductOrderBy
2024-02-22 12:28:00,942 INFO c.m.u.Log [TestNG-test=Firefox-Test-1] DriverManager - unload() - Driver has been unload
2024-02-22 12:28:01,612 INFO c.m.u.Log [TestNG-test=Firefox-Test-2] DriverManager - unload() - Driver has been unload
2024-02-22 12:28:01,620 INFO c.m.u.Log [main] Test Suit Execution Ended
2024-02-22 14:26:57,317 INFO c.m.u.Log [main] Test Suit Execution Started
2024-02-22 14:26:57,322 INFO c.m.u.Log [main] BaseClass - loadProperties() initiated
2024-02-22 14:26:57,373 INFO c.m.u.Log [TestNG-test=Chrome-Test-3] beforeClass Started on Browser -chrome
2024-02-22 14:26:57,373 INFO c.m.u.Log [TestNG-test=Firefox-Test-1] beforeClass Started on Browser -firefox
2024-02-22 14:26:57,373 INFO c.m.u.Log [TestNG-test=Firefox-Test-2] beforeClass Started on Browser -firefox
2024-02-22 14:26:57,373 INFO c.m.u.Log [TestNG-test=Chrome-Test-2] beforeClass Started on Browser -chrome
2024-02-22 14:26:57,373 INFO c.m.u.Log [TestNG-test=Chrome-Test-1] beforeClass Started on Browser -chrome
2024-02-22 14:26:57,374 INFO c.m.u.Log [TestNG-test=Chrome-Test-3] BaseClass - setupDriver() initiated
2024-02-22 14:26:57,374 INFO c.m.u.Log [TestNG-test=Chrome-Test-2] BaseClass - setupDriver() initiated
2024-02-22 14:26:57,374 INFO c.m.u.Log [TestNG-test=Firefox-Test-1] BaseClass - setupDriver() initiated
2024-02-22 14:26:57,374 INFO c.m.u.Log [TestNG-test=Firefox-Test-2] BaseClass - setupDriver() initiated
2024-02-22 14:26:57,374 INFO c.m.u.Log [TestNG-test=Chrome-Test-1] BaseClass - setupDriver() initiated
2024-02-22 14:27:03,295 INFO c.m.u.Log [TestNG-test=Chrome-Test-1] DriverManager - setDriver() - Chrome driver is setup
2024-02-22 14:27:03,297 INFO c.m.u.Log [TestNG-test=Chrome-Test-1] BaseClass - launchWebsite() initiated
2024-02-22 14:27:04,120 INFO c.m.u.Log [TestNG-test=Chrome-Test-2] DriverManager - setDriver() - Chrome driver is setup
2024-02-22 14:27:04,120 INFO c.m.u.Log [TestNG-test=Chrome-Test-2] BaseClass - launchWebsite() initiated
2024-02-22 14:27:04,148 INFO c.m.u.Log [TestNG-test=Chrome-Test-3] DriverManager - setDriver() - Chrome driver is setup
2024-02-22 14:27:04,148 INFO c.m.u.Log [TestNG-test=Chrome-Test-3] BaseClass - launchWebsite() initiated
2024-02-22 14:27:09,252 INFO c.m.u.Log [TestNG-test=Firefox-Test-1] DriverManager - setDriver() - Firefox driver is setup
2024-02-22 14:27:09,253 INFO c.m.u.Log [TestNG-test=Firefox-Test-1] BaseClass - launchWebsite() initiated
2024-02-22 14:27:09,671 INFO c.m.u.Log [TestNG-test=Firefox-Test-2] DriverManager - setDriver() - Firefox driver is setup
2024-02-22 14:27:09,671 INFO c.m.u.Log [TestNG-test=Firefox-Test-2] BaseClass - launchWebsite() initiated
2024-02-22 14:27:12,858 INFO c.m.u.Log [TestNG-test=Chrome-Test-1] com.myframework.testcases.homepage.VerifyHomeScreen Test cases Started - verifyHomePageTitle
2024-02-22 14:27:12,858 INFO c.m.u.Log [TestNG-test=Chrome-Test-2] com.myframework.testcases.product.verifySortByOnProduct Test cases Started - hoverOnMenuAndSelectMenu
2024-02-22 14:27:13,151 INFO c.m.u.Log [TestNG-test=Chrome-Test-1] com.myframework.testcases.homepage.VerifyHomeScreen Test cases Started - verifyHomePageTitle
2024-02-22 14:27:13,154 INFO c.m.u.Log [TestNG-test=Chrome-Test-1] com.myframework.testcases.homepage.VerifyHomeScreen Test cases Started - verifySignInBtnIsVisible
2024-02-22 14:27:13,266 INFO c.m.u.Log [TestNG-test=Chrome-Test-3] com.myframework.testcases.signin_singup.VerifyUserSingIn Test cases Started - verifySignInBtnIsVisible
2024-02-22 14:27:13,469 INFO c.m.u.Log [TestNG-test=Chrome-Test-1] com.myframework.testcases.homepage.VerifyHomeScreen Test cases Started - verifySignInBtnIsVisible
2024-02-22 14:27:13,470 INFO c.m.u.Log [TestNG-test=Chrome-Test-1] com.myframework.testcases.homepage.VerifyHomeScreen Test cases Started - verifyMainMenuOptions
2024-02-22 14:27:13,665 INFO c.m.u.Log [TestNG-test=Chrome-Test-3] com.myframework.testcases.signin_singup.VerifyUserSingIn Test cases Started - verifySignInBtnIsVisible
2024-02-22 14:27:13,667 INFO c.m.u.Log [TestNG-test=Chrome-Test-3] com.myframework.testcases.signin_singup.VerifyUserSingIn Test cases Started - verifySignInBtnIsClickable
2024-02-22 14:27:13,791 INFO c.m.u.Log [TestNG-test=Chrome-Test-3] com.myframework.testcases.signin_singup.VerifyUserSingIn Test cases Started - verifySignInBtnIsClickable
2024-02-22 14:27:13,792 INFO c.m.u.Log [TestNG-test=Chrome-Test-3] com.myframework.testcases.signin_singup.VerifyUserSingIn Test cases Started - verifyUserTapOnSignInBtn
2024-02-22 14:27:13,946 INFO c.m.u.Log [TestNG-test=Chrome-Test-1] com.myframework.testcases.homepage.VerifyHomeScreen Test cases Started - verifyMainMenuOptions
2024-02-22 14:27:14,470 INFO c.m.u.Log [TestNG-test=Firefox-Test-2] com.myframework.testcases.product.verifySortByOnProduct Test cases Started - hoverOnMenuAndSelectMenu
2024-02-22 14:27:14,518 INFO c.m.u.Log [TestNG-test=Firefox-Test-1] com.myframework.testcases.homepage.VerifyHomeScreen Test cases Started - verifyHomePageTitle
2024-02-22 14:27:14,550 INFO c.m.u.Log [TestNG-test=Firefox-Test-1] com.myframework.testcases.homepage.VerifyHomeScreen Test cases Started - verifyHomePageTitle
2024-02-22 14:27:14,551 INFO c.m.u.Log [TestNG-test=Firefox-Test-1] com.myframework.testcases.homepage.VerifyHomeScreen Test cases Started - verifySignInBtnIsVisible
2024-02-22 14:27:14,731 INFO c.m.u.Log [TestNG-test=Firefox-Test-1] com.myframework.testcases.homepage.VerifyHomeScreen Test cases Started - verifySignInBtnIsVisible
2024-02-22 14:27:14,732 INFO c.m.u.Log [TestNG-test=Firefox-Test-1] com.myframework.testcases.homepage.VerifyHomeScreen Test cases Started - verifyMainMenuOptions
2024-02-22 14:27:14,936 INFO c.m.u.Log [TestNG-test=Firefox-Test-1] com.myframework.testcases.homepage.VerifyHomeScreen Test cases Started - verifyMainMenuOptions
2024-02-22 14:27:15,284 INFO c.m.u.Log [TestNG-test=Chrome-Test-3] com.myframework.testcases.signin_singup.VerifyUserSingIn Test cases Started - verifyUserTapOnSignInBtn
2024-02-22 14:27:16,213 INFO c.m.u.Log [TestNG-test=Chrome-Test-2] com.myframework.testcases.product.verifySortByOnProduct Test cases Started - hoverOnMenuAndSelectMenu
2024-02-22 14:27:16,214 INFO c.m.u.Log [TestNG-test=Chrome-Test-2] com.myframework.testcases.product.verifySortByOnProduct Test cases Started - verifyPageBreadCrumb
2024-02-22 14:27:16,533 INFO c.m.u.Log [TestNG-test=Firefox-Test-2] com.myframework.testcases.product.verifySortByOnProduct Test cases Started - hoverOnMenuAndSelectMenu
2024-02-22 14:27:16,534 INFO c.m.u.Log [TestNG-test=Firefox-Test-2] com.myframework.testcases.product.verifySortByOnProduct Test cases Started - verifyPageBreadCrumb
2024-02-22 14:27:16,641 INFO c.m.u.Log [TestNG-test=Chrome-Test-2] com.myframework.testcases.product.verifySortByOnProduct Test cases Started - verifyPageBreadCrumb
2024-02-22 14:27:16,642 INFO c.m.u.Log [TestNG-test=Chrome-Test-2] com.myframework.testcases.product.verifySortByOnProduct Test cases Started - selectSortOptionByText
2024-02-22 14:27:17,132 INFO c.m.u.Log [TestNG-test=Chrome-Test-3] com.myframework.testcases.signin_singup.VerifyUserSingIn Test cases Started - verifyInvalidUserLogin
2024-02-22 14:27:18,009 INFO c.m.u.Log [TestNG-test=Chrome-Test-2] com.myframework.testcases.product.verifySortByOnProduct Test cases Started - selectSortOptionByText
2024-02-22 14:27:18,011 INFO c.m.u.Log [TestNG-test=Chrome-Test-2] com.myframework.testcases.product.verifySortByOnProduct Test cases Started - scrollPageTillSortByOption
2024-02-22 14:27:18,084 INFO c.m.u.Log [TestNG-test=Chrome-Test-2] com.myframework.testcases.product.verifySortByOnProduct Test cases Started - scrollPageTillSortByOption
2024-02-22 14:27:18,085 INFO c.m.u.Log [TestNG-test=Chrome-Test-2] com.myframework.testcases.product.verifySortByOnProduct Test cases Started - verifyProductOrderBy
2024-02-22 14:27:18,502 INFO c.m.u.Log [TestNG-test=Chrome-Test-2] com.myframework.testcases.product.verifySortByOnProduct Test cases Started - verifyProductOrderBy
2024-02-22 14:27:18,548 INFO c.m.u.Log [TestNG-test=Chrome-Test-1] DriverManager - unload() - Driver has been unload
2024-02-22 14:27:18,644 INFO c.m.u.Log [TestNG-test=Firefox-Test-1] DriverManager - unload() - Driver has been unload
2024-02-22 14:27:18,646 INFO c.m.u.Log [TestNG-test=Firefox-Test-1] beforeClass Started on Browser -firefox
2024-02-22 14:27:18,646 INFO c.m.u.Log [TestNG-test=Firefox-Test-1] BaseClass - setupDriver() initiated
2024-02-22 14:27:19,143 INFO c.m.u.Log [TestNG-test=Chrome-Test-3] com.myframework.testcases.signin_singup.VerifyUserSingIn Test cases Started - verifyInvalidUserLogin
2024-02-22 14:27:19,144 INFO c.m.u.Log [TestNG-test=Chrome-Test-3] com.myframework.testcases.signin_singup.VerifyUserSingIn Test cases Started - verifyInvalidUserLogin
2024-02-22 14:27:19,332 INFO c.m.u.Log [TestNG-test=Chrome-Test-2] DriverManager - unload() - Driver has been unload
2024-02-22 14:27:20,333 INFO c.m.u.Log [TestNG-test=Chrome-Test-3] com.myframework.testcases.signin_singup.VerifyUserSingIn Test cases Started - verifyInvalidUserLogin
2024-02-22 14:27:20,335 INFO c.m.u.Log [TestNG-test=Chrome-Test-3] com.myframework.testcases.signin_singup.VerifyUserSingIn Test cases Started - verifyValidUserLogin
2024-02-22 14:27:21,993 INFO c.m.u.Log [TestNG-test=Chrome-Test-3] com.myframework.testcases.signin_singup.VerifyUserSingIn Test cases Started - verifyValidUserLogin
2024-02-22 14:27:21,994 INFO c.m.u.Log [TestNG-test=Chrome-Test-3] com.myframework.testcases.signin_singup.VerifyUserSingIn Test cases Started - verifyUserSignOut
2024-02-22 14:27:23,163 INFO c.m.u.Log [TestNG-test=Chrome-Test-3] com.myframework.testcases.signin_singup.VerifyUserSingIn Test cases Started - verifyUserSignOut
2024-02-22 14:27:23,583 INFO c.m.u.Log [TestNG-test=Chrome-Test-3] DriverManager - unload() - Driver has been unload
2024-02-22 14:27:24,665 INFO c.m.u.Log [TestNG-test=Firefox-Test-1] DriverManager - setDriver() - Firefox driver is setup
2024-02-22 14:27:24,665 INFO c.m.u.Log [TestNG-test=Firefox-Test-1] BaseClass - launchWebsite() initiated
2024-02-22 14:27:28,410 INFO c.m.u.Log [TestNG-test=Firefox-Test-1] com.myframework.testcases.signin_singup.VerifyUserSingIn Test cases Started - verifySignInBtnIsVisible
2024-02-22 14:27:28,467 INFO c.m.u.Log [TestNG-test=Firefox-Test-1] com.myframework.testcases.signin_singup.VerifyUserSingIn Test cases Started - verifySignInBtnIsVisible
2024-02-22 14:27:28,468 INFO c.m.u.Log [TestNG-test=Firefox-Test-1] com.myframework.testcases.signin_singup.VerifyUserSingIn Test cases Started - verifySignInBtnIsClickable
2024-02-22 14:27:28,520 INFO c.m.u.Log [TestNG-test=Firefox-Test-1] com.myframework.testcases.signin_singup.VerifyUserSingIn Test cases Started - verifySignInBtnIsClickable
2024-02-22 14:27:28,521 INFO c.m.u.Log [TestNG-test=Firefox-Test-1] com.myframework.testcases.signin_singup.VerifyUserSingIn Test cases Started - verifyUserTapOnSignInBtn
2024-02-22 14:27:29,578 INFO c.m.u.Log [TestNG-test=Firefox-Test-1] com.myframework.testcases.signin_singup.VerifyUserSingIn Test cases Started - verifyUserTapOnSignInBtn
2024-02-22 14:27:29,622 INFO c.m.u.Log [TestNG-test=Firefox-Test-1] com.myframework.testcases.signin_singup.VerifyUserSingIn Test cases Started - verifyInvalidUserLogin
2024-02-22 14:27:30,375 INFO c.m.u.Log [TestNG-test=Firefox-Test-1] com.myframework.testcases.signin_singup.VerifyUserSingIn Test cases Started - verifyInvalidUserLogin
2024-02-22 14:27:30,376 INFO c.m.u.Log [TestNG-test=Firefox-Test-1] com.myframework.testcases.signin_singup.VerifyUserSingIn Test cases Started - verifyInvalidUserLogin
2024-02-22 14:27:31,042 INFO c.m.u.Log [TestNG-test=Firefox-Test-1] com.myframework.testcases.signin_singup.VerifyUserSingIn Test cases Started - verifyInvalidUserLogin
2024-02-22 14:27:31,044 INFO c.m.u.Log [TestNG-test=Firefox-Test-1] com.myframework.testcases.signin_singup.VerifyUserSingIn Test cases Started - verifyValidUserLogin
2024-02-22 14:27:31,633 INFO c.m.u.Log [TestNG-test=Firefox-Test-2] com.myframework.testcases.product.verifySortByOnProduct Test cases Started - verifyPageBreadCrumb
2024-02-22 14:27:31,634 INFO c.m.u.Log [TestNG-test=Firefox-Test-2] com.myframework.testcases.product.verifySortByOnProduct Test cases Started - selectSortOptionByText
2024-02-22 14:27:32,037 INFO c.m.u.Log [TestNG-test=Firefox-Test-1] com.myframework.testcases.signin_singup.VerifyUserSingIn Test cases Started - verifyValidUserLogin
2024-02-22 14:27:32,038 INFO c.m.u.Log [TestNG-test=Firefox-Test-1] com.myframework.testcases.signin_singup.VerifyUserSingIn Test cases Started - verifyUserSignOut
2024-02-22 14:27:32,605 INFO c.m.u.Log [TestNG-test=Firefox-Test-2] com.myframework.testcases.product.verifySortByOnProduct Test cases Started - selectSortOptionByText
2024-02-22 14:27:32,607 INFO c.m.u.Log [TestNG-test=Firefox-Test-2] com.myframework.testcases.product.verifySortByOnProduct Test cases Started - scrollPageTillSortByOption
2024-02-22 14:27:32,625 INFO c.m.u.Log [TestNG-test=Firefox-Test-2] com.myframework.testcases.product.verifySortByOnProduct Test cases Started - scrollPageTillSortByOption
2024-02-22 14:27:32,626 INFO c.m.u.Log [TestNG-test=Firefox-Test-2] com.myframework.testcases.product.verifySortByOnProduct Test cases Started - verifyProductOrderBy
2024-02-22 14:27:32,724 INFO c.m.u.Log [TestNG-test=Firefox-Test-2] com.myframework.testcases.product.verifySortByOnProduct Test cases Started - verifyProductOrderBy
2024-02-22 14:27:32,939 INFO c.m.u.Log [TestNG-test=Firefox-Test-1] com.myframework.testcases.signin_singup.VerifyUserSingIn Test cases Started - verifyUserSignOut
2024-02-22 14:27:34,314 INFO c.m.u.Log [TestNG-test=Firefox-Test-2] DriverManager - unload() - Driver has been unload
2024-02-22 14:27:34,482 INFO c.m.u.Log [TestNG-test=Firefox-Test-1] DriverManager - unload() - Driver has been unload
2024-02-22 14:27:34,491 INFO c.m.u.Log [main] Test Suit Execution Ended
2024-02-22 14:28:27,454 INFO c.m.u.Log [main] Test Suit Execution Started
2024-02-22 14:28:27,458 INFO c.m.u.Log [main] BaseClass - loadProperties() initiated
2024-02-22 14:28:27,498 INFO c.m.u.Log [TestNG-test=Firefox-Test-1] beforeClass Started on Browser -firefox
2024-02-22 14:28:27,498 INFO c.m.u.Log [TestNG-test=Chrome-Test-3] beforeClass Started on Browser -chrome
2024-02-22 14:28:27,498 INFO c.m.u.Log [TestNG-test=Firefox-Test-2] beforeClass Started on Browser -firefox
2024-02-22 14:28:27,498 INFO c.m.u.Log [TestNG-test=Chrome-Test-1] beforeClass Started on Browser -chrome
2024-02-22 14:28:27,498 INFO c.m.u.Log [TestNG-test=Chrome-Test-2] beforeClass Started on Browser -chrome
2024-02-22 14:28:27,499 INFO c.m.u.Log [TestNG-test=Firefox-Test-2] BaseClass - setupDriver() initiated
2024-02-22 14:28:27,499 INFO c.m.u.Log [TestNG-test=Chrome-Test-2] BaseClass - setupDriver() initiated
2024-02-22 14:28:27,499 INFO c.m.u.Log [TestNG-test=Firefox-Test-1] BaseClass - setupDriver() initiated
2024-02-22 14:28:27,499 INFO c.m.u.Log [TestNG-test=Chrome-Test-1] BaseClass - setupDriver() initiated
2024-02-22 14:28:27,499 INFO c.m.u.Log [TestNG-test=Chrome-Test-3] BaseClass - setupDriver() initiated
2024-02-22 14:28:33,837 INFO c.m.u.Log [TestNG-test=Chrome-Test-2] DriverManager - setDriver() - Chrome driver is setup
2024-02-22 14:28:33,838 INFO c.m.u.Log [TestNG-test=Chrome-Test-2] BaseClass - launchWebsite() initiated
2024-02-22 14:28:36,661 INFO c.m.u.Log [TestNG-test=Chrome-Test-3] DriverManager - setDriver() - Chrome driver is setup
2024-02-22 14:28:36,661 INFO c.m.u.Log [TestNG-test=Chrome-Test-3] BaseClass - launchWebsite() initiated
2024-02-22 14:28:38,186 INFO c.m.u.Log [TestNG-test=Firefox-Test-2] DriverManager - setDriver() - Firefox driver is setup
2024-02-22 14:28:38,186 INFO c.m.u.Log [TestNG-test=Firefox-Test-2] BaseClass - launchWebsite() initiated
2024-02-22 14:28:38,504 INFO c.m.u.Log [TestNG-test=Firefox-Test-1] DriverManager - setDriver() - Firefox driver is setup
2024-02-22 14:28:38,504 INFO c.m.u.Log [TestNG-test=Firefox-Test-1] BaseClass - launchWebsite() initiated
2024-02-22 14:28:39,621 INFO c.m.u.Log [TestNG-test=Chrome-Test-1] DriverManager - setDriver() - Chrome driver is setup
2024-02-22 14:28:39,621 INFO c.m.u.Log [TestNG-test=Chrome-Test-1] BaseClass - launchWebsite() initiated
2024-02-22 14:28:44,039 INFO c.m.u.Log [TestNG-test=Firefox-Test-2] com.myframework.testcases.product.verifySortByOnProduct Test cases Started - hoverOnMenuAndSelectMenu
2024-02-22 14:28:44,039 INFO c.m.u.Log [TestNG-test=Firefox-Test-1] com.myframework.testcases.homepage.VerifyHomeScreen Test cases Started - verifyHomePageTitle
2024-02-22 14:28:44,039 INFO c.m.u.Log [TestNG-test=Chrome-Test-3] com.myframework.testcases.signin_singup.VerifyUserSingIn Test cases Started - verifySignInBtnIsVisible
2024-02-22 14:28:44,156 INFO c.m.u.Log [TestNG-test=Firefox-Test-1] com.myframework.testcases.homepage.VerifyHomeScreen Test cases Started - verifyHomePageTitle
2024-02-22 14:28:44,157 INFO c.m.u.Log [TestNG-test=Firefox-Test-1] com.myframework.testcases.homepage.VerifyHomeScreen Test cases Started - verifySignInBtnIsVisible
2024-02-22 14:28:44,295 INFO c.m.u.Log [TestNG-test=Firefox-Test-1] com.myframework.testcases.homepage.VerifyHomeScreen Test cases Started - verifySignInBtnIsVisible
2024-02-22 14:28:44,296 INFO c.m.u.Log [TestNG-test=Firefox-Test-1] com.myframework.testcases.homepage.VerifyHomeScreen Test cases Started - verifyMainMenuOptions
2024-02-22 14:28:44,466 INFO c.m.u.Log [TestNG-test=Firefox-Test-1] com.myframework.testcases.homepage.VerifyHomeScreen Test cases Started - verifyMainMenuOptions
2024-02-22 14:28:44,736 INFO c.m.u.Log [TestNG-test=Chrome-Test-2] com.myframework.testcases.product.verifySortByOnProduct Test cases Started - hoverOnMenuAndSelectMenu
2024-02-22 14:28:45,044 INFO c.m.u.Log [TestNG-test=Chrome-Test-3] com.myframework.testcases.signin_singup.VerifyUserSingIn Test cases Started - verifySignInBtnIsVisible
2024-02-22 14:28:45,045 INFO c.m.u.Log [TestNG-test=Chrome-Test-3] com.myframework.testcases.signin_singup.VerifyUserSingIn Test cases Started - verifySignInBtnIsClickable
2024-02-22 14:28:45,241 INFO c.m.u.Log [TestNG-test=Chrome-Test-3] com.myframework.testcases.signin_singup.VerifyUserSingIn Test cases Started - verifySignInBtnIsClickable
2024-02-22 14:28:45,242 INFO c.m.u.Log [TestNG-test=Chrome-Test-3] com.myframework.testcases.signin_singup.VerifyUserSingIn Test cases Started - verifyUserTapOnSignInBtn
2024-02-22 14:28:45,313 INFO c.m.u.Log [TestNG-test=Chrome-Test-1] com.myframework.testcases.homepage.VerifyHomeScreen Test cases Started - verifyHomePageTitle
2024-02-22 14:28:45,365 INFO c.m.u.Log [TestNG-test=Chrome-Test-1] com.myframework.testcases.homepage.VerifyHomeScreen Test cases Started - verifyHomePageTitle
2024-02-22 14:28:45,367 INFO c.m.u.Log [TestNG-test=Chrome-Test-1] com.myframework.testcases.homepage.VerifyHomeScreen Test cases Started - verifySignInBtnIsVisible
2024-02-22 14:28:45,432 INFO c.m.u.Log [TestNG-test=Chrome-Test-1] com.myframework.testcases.homepage.VerifyHomeScreen Test cases Started - verifySignInBtnIsVisible
2024-02-22 14:28:45,434 INFO c.m.u.Log [TestNG-test=Chrome-Test-1] com.myframework.testcases.homepage.VerifyHomeScreen Test cases Started - verifyMainMenuOptions
2024-02-22 14:28:45,796 INFO c.m.u.Log [TestNG-test=Firefox-Test-2] com.myframework.testcases.product.verifySortByOnProduct Test cases Started - hoverOnMenuAndSelectMenu
2024-02-22 14:28:45,809 INFO c.m.u.Log [TestNG-test=Firefox-Test-2] com.myframework.testcases.product.verifySortByOnProduct Test cases Started - verifyPageBreadCrumb
2024-02-22 14:28:46,411 INFO c.m.u.Log [TestNG-test=Chrome-Test-1] com.myframework.testcases.homepage.VerifyHomeScreen Test cases Started - verifyMainMenuOptions
2024-02-22 14:28:47,357 INFO c.m.u.Log [TestNG-test=Chrome-Test-3] com.myframework.testcases.signin_singup.VerifyUserSingIn Test cases Started - verifyUserTapOnSignInBtn
2024-02-22 14:28:48,523 INFO c.m.u.Log [TestNG-test=Chrome-Test-1] DriverManager - unload() - Driver has been unload
2024-02-22 14:28:48,653 INFO c.m.u.Log [TestNG-test=Firefox-Test-1] DriverManager - unload() - Driver has been unload
2024-02-22 14:28:48,655 INFO c.m.u.Log [TestNG-test=Firefox-Test-1] beforeClass Started on Browser -firefox
2024-02-22 14:28:48,655 INFO c.m.u.Log [TestNG-test=Firefox-Test-1] BaseClass - setupDriver() initiated
2024-02-22 14:28:49,024 INFO c.m.u.Log [TestNG-test=Chrome-Test-3] com.myframework.testcases.signin_singup.VerifyUserSingIn Test cases Started - verifyInvalidUserLogin
2024-02-22 14:28:49,910 INFO c.m.u.Log [TestNG-test=Chrome-Test-2] com.myframework.testcases.product.verifySortByOnProduct Test cases Started - hoverOnMenuAndSelectMenu
2024-02-22 14:28:49,911 INFO c.m.u.Log [TestNG-test=Chrome-Test-2] com.myframework.testcases.product.verifySortByOnProduct Test cases Started - verifyPageBreadCrumb
2024-02-22 14:28:50,040 INFO c.m.u.Log [TestNG-test=Chrome-Test-2] com.myframework.testcases.product.verifySortByOnProduct Test cases Started - verifyPageBreadCrumb
2024-02-22 14:28:50,040 INFO c.m.u.Log [TestNG-test=Chrome-Test-2] com.myframework.testcases.product.verifySortByOnProduct Test cases Started - selectSortOptionByText
2024-02-22 14:28:50,470 INFO c.m.u.Log [TestNG-test=Chrome-Test-3] com.myframework.testcases.signin_singup.VerifyUserSingIn Test cases Started - verifyInvalidUserLogin
2024-02-22 14:28:50,471 INFO c.m.u.Log [TestNG-test=Chrome-Test-3] com.myframework.testcases.signin_singup.VerifyUserSingIn Test cases Started - verifyInvalidUserLogin
2024-02-22 14:28:51,306 INFO c.m.u.Log [TestNG-test=Chrome-Test-2] com.myframework.testcases.product.verifySortByOnProduct Test cases Started - selectSortOptionByText
2024-02-22 14:28:51,307 INFO c.m.u.Log [TestNG-test=Chrome-Test-2] com.myframework.testcases.product.verifySortByOnProduct Test cases Started - scrollPageTillSortByOption
2024-02-22 14:28:51,378 INFO c.m.u.Log [TestNG-test=Chrome-Test-2] com.myframework.testcases.product.verifySortByOnProduct Test cases Started - scrollPageTillSortByOption
2024-02-22 14:28:51,379 INFO c.m.u.Log [TestNG-test=Chrome-Test-2] com.myframework.testcases.product.verifySortByOnProduct Test cases Started - verifyProductOrderBy
2024-02-22 14:28:51,643 INFO c.m.u.Log [TestNG-test=Chrome-Test-2] com.myframework.testcases.product.verifySortByOnProduct Test cases Started - verifyProductOrderBy
2024-02-22 14:28:51,988 INFO c.m.u.Log [TestNG-test=Chrome-Test-3] com.myframework.testcases.signin_singup.VerifyUserSingIn Test cases Started - verifyInvalidUserLogin
2024-02-22 14:28:51,989 INFO c.m.u.Log [TestNG-test=Chrome-Test-3] com.myframework.testcases.signin_singup.VerifyUserSingIn Test cases Started - verifyValidUserLogin
2024-02-22 14:28:52,551 INFO c.m.u.Log [TestNG-test=Chrome-Test-2] DriverManager - unload() - Driver has been unload
2024-02-22 14:28:53,559 INFO c.m.u.Log [TestNG-test=Chrome-Test-3] com.myframework.testcases.signin_singup.VerifyUserSingIn Test cases Started - verifyValidUserLogin
2024-02-22 14:28:53,560 INFO c.m.u.Log [TestNG-test=Chrome-Test-3] com.myframework.testcases.signin_singup.VerifyUserSingIn Test cases Started - verifyUserSignOut
2024-02-22 14:28:54,842 INFO c.m.u.Log [TestNG-test=Chrome-Test-3] com.myframework.testcases.signin_singup.VerifyUserSingIn Test cases Started - verifyUserSignOut
2024-02-22 14:28:55,138 INFO c.m.u.Log [TestNG-test=Firefox-Test-1] DriverManager - setDriver() - Firefox driver is setup
2024-02-22 14:28:55,139 INFO c.m.u.Log [TestNG-test=Firefox-Test-1] BaseClass - launchWebsite() initiated
2024-02-22 14:28:55,239 INFO c.m.u.Log [TestNG-test=Chrome-Test-3] DriverManager - unload() - Driver has been unload
2024-02-22 14:28:58,834 INFO c.m.u.Log [TestNG-test=Firefox-Test-1] com.myframework.testcases.signin_singup.VerifyUserSingIn Test cases Started - verifySignInBtnIsVisible
2024-02-22 14:28:58,900 INFO c.m.u.Log [TestNG-test=Firefox-Test-1] com.myframework.testcases.signin_singup.VerifyUserSingIn Test cases Started - verifySignInBtnIsVisible
2024-02-22 14:28:58,901 INFO c.m.u.Log [TestNG-test=Firefox-Test-1] com.myframework.testcases.signin_singup.VerifyUserSingIn Test cases Started - verifySignInBtnIsClickable
2024-02-22 14:28:58,953 INFO c.m.u.Log [TestNG-test=Firefox-Test-1] com.myframework.testcases.signin_singup.VerifyUserSingIn Test cases Started - verifySignInBtnIsClickable
2024-02-22 14:28:58,954 INFO c.m.u.Log [TestNG-test=Firefox-Test-1] com.myframework.testcases.signin_singup.VerifyUserSingIn Test cases Started - verifyUserTapOnSignInBtn
2024-02-22 14:29:00,026 INFO c.m.u.Log [TestNG-test=Firefox-Test-1] com.myframework.testcases.signin_singup.VerifyUserSingIn Test cases Started - verifyUserTapOnSignInBtn
2024-02-22 14:29:00,068 INFO c.m.u.Log [TestNG-test=Firefox-Test-1] com.myframework.testcases.signin_singup.VerifyUserSingIn Test cases Started - verifyInvalidUserLogin
2024-02-22 14:29:00,753 INFO c.m.u.Log [TestNG-test=Firefox-Test-1] com.myframework.testcases.signin_singup.VerifyUserSingIn Test cases Started - verifyInvalidUserLogin
2024-02-22 14:29:00,754 INFO c.m.u.Log [TestNG-test=Firefox-Test-1] com.myframework.testcases.signin_singup.VerifyUserSingIn Test cases Started - verifyInvalidUserLogin
2024-02-22 14:29:00,922 INFO c.m.u.Log [TestNG-test=Firefox-Test-2] com.myframework.testcases.product.verifySortByOnProduct Test cases Started - verifyPageBreadCrumb
2024-02-22 14:29:00,922 INFO c.m.u.Log [TestNG-test=Firefox-Test-2] com.myframework.testcases.product.verifySortByOnProduct Test cases Started - selectSortOptionByText
2024-02-22 14:29:01,637 INFO c.m.u.Log [TestNG-test=Firefox-Test-1] com.myframework.testcases.signin_singup.VerifyUserSingIn Test cases Started - verifyInvalidUserLogin
2024-02-22 14:29:01,637 INFO c.m.u.Log [TestNG-test=Firefox-Test-1] com.myframework.testcases.signin_singup.VerifyUserSingIn Test cases Started - verifyValidUserLogin
2024-02-22 14:29:01,992 INFO c.m.u.Log [TestNG-test=Firefox-Test-2] com.myframework.testcases.product.verifySortByOnProduct Test cases Started - selectSortOptionByText
2024-02-22 14:29:01,992 INFO c.m.u.Log [TestNG-test=Firefox-Test-2] com.myframework.testcases.product.verifySortByOnProduct Test cases Started - scrollPageTillSortByOption
2024-02-22 14:29:02,020 INFO c.m.u.Log [TestNG-test=Firefox-Test-2] com.myframework.testcases.product.verifySortByOnProduct Test cases Started - scrollPageTillSortByOption
2024-02-22 14:29:02,020 INFO c.m.u.Log [TestNG-test=Firefox-Test-2] com.myframework.testcases.product.verifySortByOnProduct Test cases Started - verifyProductOrderBy
2024-02-22 14:29:02,131 INFO c.m.u.Log [TestNG-test=Firefox-Test-2] com.myframework.testcases.product.verifySortByOnProduct Test cases Started - verifyProductOrderBy
2024-02-22 14:29:02,768 INFO c.m.u.Log [TestNG-test=Firefox-Test-1] com.myframework.testcases.signin_singup.VerifyUserSingIn Test cases Started - verifyValidUserLogin
2024-02-22 14:29:02,769 INFO c.m.u.Log [TestNG-test=Firefox-Test-1] com.myframework.testcases.signin_singup.VerifyUserSingIn Test cases Started - verifyUserSignOut
2024-02-22 14:29:03,455 INFO c.m.u.Log [TestNG-test=Firefox-Test-2] DriverManager - unload() - Driver has been unload
2024-02-22 14:29:03,687 INFO c.m.u.Log [TestNG-test=Firefox-Test-1] com.myframework.testcases.signin_singup.VerifyUserSingIn Test cases Started - verifyUserSignOut
2024-02-22 14:29:05,409 INFO c.m.u.Log [TestNG-test=Firefox-Test-1] DriverManager - unload() - Driver has been unload
2024-02-22 14:29:05,420 INFO c.m.u.Log [main] Test Suit Execution Ended
