2024-02-18 22:29:13,698 INFO c.m.u.Log [main] Test Suit Execution Started
2024-02-18 22:29:13,729 INFO c.m.u.Log [TestNG-test=Firefox-Test-1] beforeClass Started on Browser -firefox
2024-02-18 22:29:13,729 INFO c.m.u.Log [TestNG-test=Firefox-Test-1] BaseClass - setupDriver() initiated
2024-02-18 22:29:13,728 INFO c.m.u.Log [TestNG-test=Firefox-Test-2] beforeClass Started on Browser -firefox
2024-02-18 22:29:13,730 INFO c.m.u.Log [TestNG-test=Firefox-Test-2] BaseClass - setupDriver() initiated
2024-02-18 22:29:13,730 INFO c.m.u.Log [TestNG-test=Firefox-Test-1] BaseClass - loadProperties() initiated
2024-02-18 22:29:13,728 INFO c.m.u.Log [TestNG-test=Chrome-Test-3] beforeClass Started on Browser -chrome
2024-02-18 22:29:13,729 INFO c.m.u.Log [TestNG-test=Chrome-Test-2] beforeClass Started on Browser -chrome
2024-02-18 22:29:13,730 INFO c.m.u.Log [TestNG-test=Chrome-Test-3] BaseClass - setupDriver() initiated
2024-02-18 22:29:13,730 INFO c.m.u.Log [TestNG-test=Firefox-Test-2] BaseClass - loadProperties() initiated
2024-02-18 22:29:13,730 INFO c.m.u.Log [TestNG-test=Chrome-Test-2] BaseClass - setupDriver() initiated
2024-02-18 22:29:13,730 INFO c.m.u.Log [TestNG-test=Chrome-Test-2] BaseClass - loadProperties() initiated
2024-02-18 22:29:13,730 INFO c.m.u.Log [TestNG-test=Chrome-Test-3] BaseClass - loadProperties() initiated
2024-02-18 22:29:13,730 INFO c.m.u.Log [TestNG-test=Chrome-Test-1] beforeClass Started on Browser -chrome
2024-02-18 22:29:13,731 INFO c.m.u.Log [TestNG-test=Chrome-Test-1] BaseClass - setupDriver() initiated
2024-02-18 22:29:13,731 INFO c.m.u.Log [TestNG-test=Chrome-Test-1] BaseClass - loadProperties() initiated
2024-02-18 22:29:18,597 INFO c.m.u.Log [TestNG-test=Chrome-Test-1] DriverManager - setDriver() - Chrome driver is setup
2024-02-18 22:29:18,598 INFO c.m.u.Log [TestNG-test=Chrome-Test-1] BaseClass - launchWebsite() initiated
2024-02-18 22:29:18,597 INFO c.m.u.Log [TestNG-test=Chrome-Test-3] DriverManager - setDriver() - Chrome driver is setup
2024-02-18 22:29:18,599 INFO c.m.u.Log [TestNG-test=Chrome-Test-3] BaseClass - launchWebsite() initiated
2024-02-18 22:29:20,875 INFO c.m.u.Log [TestNG-test=Chrome-Test-2] DriverManager - setDriver() - Chrome driver is setup
2024-02-18 22:29:20,875 INFO c.m.u.Log [TestNG-test=Chrome-Test-2] BaseClass - launchWebsite() initiated
2024-02-18 22:29:23,873 INFO c.m.u.Log [TestNG-test=Firefox-Test-2] DriverManager - setDriver() - Firefox driver is setup
2024-02-18 22:29:23,873 INFO c.m.u.Log [TestNG-test=Firefox-Test-2] BaseClass - launchWebsite() initiated
2024-02-18 22:29:23,881 INFO c.m.u.Log [TestNG-test=Firefox-Test-1] DriverManager - setDriver() - Firefox driver is setup
2024-02-18 22:29:23,881 INFO c.m.u.Log [TestNG-test=Firefox-Test-1] BaseClass - launchWebsite() initiated
2024-02-18 22:29:25,845 INFO c.m.u.Log [TestNG-test=Chrome-Test-3] com.myframework.testcases.signin_singup.VerifyUserSingIn Test cases Started - verifySignInBtnIsVisible
2024-02-18 22:29:25,860 INFO c.m.u.Log [TestNG-test=Chrome-Test-1] com.myframework.testcases.homepage.VerifyHomeScreen Test cases Started - verifyHomePageTitle
2024-02-18 22:29:26,010 INFO c.m.u.Log [TestNG-test=Chrome-Test-1] com.myframework.testcases.homepage.VerifyHomeScreen Test cases Started - verifyHomePageTitle
2024-02-18 22:29:26,017 INFO c.m.u.Log [TestNG-test=Chrome-Test-1] com.myframework.testcases.homepage.VerifyHomeScreen Test cases Started - verifySignInBtnIsVisible
2024-02-18 22:29:26,635 INFO c.m.u.Log [TestNG-test=Chrome-Test-2] com.myframework.testcases.product.verifySortByOnProduct Test cases Started - hoverOnMenuAndSelectMenu
2024-02-18 22:29:26,636 INFO c.m.u.Log [TestNG-test=Chrome-Test-3] com.myframework.testcases.signin_singup.VerifyUserSingIn Test cases Started - verifySignInBtnIsVisible
2024-02-18 22:29:26,640 INFO c.m.u.Log [TestNG-test=Chrome-Test-3] com.myframework.testcases.signin_singup.VerifyUserSingIn Test cases Started - verifySignInBtnIsClickable
2024-02-18 22:29:26,820 INFO c.m.u.Log [TestNG-test=Chrome-Test-1] com.myframework.testcases.homepage.VerifyHomeScreen Test cases Started - verifySignInBtnIsVisible
2024-02-18 22:29:26,821 INFO c.m.u.Log [TestNG-test=Chrome-Test-1] com.myframework.testcases.homepage.VerifyHomeScreen Test cases Started - verifyMainMenuOptions
2024-02-18 22:29:27,018 INFO c.m.u.Log [TestNG-test=Chrome-Test-3] com.myframework.testcases.signin_singup.VerifyUserSingIn Test cases Started - verifySignInBtnIsClickable
2024-02-18 22:29:27,021 INFO c.m.u.Log [TestNG-test=Chrome-Test-3] com.myframework.testcases.signin_singup.VerifyUserSingIn Test cases Started - verifyUserTapOnSignInBtn
2024-02-18 22:29:27,043 INFO c.m.u.Log [TestNG-test=Chrome-Test-1] com.myframework.testcases.homepage.VerifyHomeScreen Test cases Started - verifyMainMenuOptions
2024-02-18 22:29:27,590 INFO c.m.u.Log [TestNG-test=Firefox-Test-2] com.myframework.testcases.product.verifySortByOnProduct Test cases Started - hoverOnMenuAndSelectMenu
2024-02-18 22:29:27,760 INFO c.m.u.Log [TestNG-test=Firefox-Test-1] com.myframework.testcases.homepage.VerifyHomeScreen Test cases Started - verifyHomePageTitle
2024-02-18 22:29:27,785 INFO c.m.u.Log [TestNG-test=Firefox-Test-1] com.myframework.testcases.homepage.VerifyHomeScreen Test cases Started - verifyHomePageTitle
2024-02-18 22:29:27,788 INFO c.m.u.Log [TestNG-test=Firefox-Test-1] com.myframework.testcases.homepage.VerifyHomeScreen Test cases Started - verifySignInBtnIsVisible
2024-02-18 22:29:27,858 INFO c.m.u.Log [TestNG-test=Firefox-Test-1] com.myframework.testcases.homepage.VerifyHomeScreen Test cases Started - verifySignInBtnIsVisible
2024-02-18 22:29:27,861 INFO c.m.u.Log [TestNG-test=Firefox-Test-1] com.myframework.testcases.homepage.VerifyHomeScreen Test cases Started - verifyMainMenuOptions
2024-02-18 22:29:27,980 INFO c.m.u.Log [TestNG-test=Firefox-Test-1] com.myframework.testcases.homepage.VerifyHomeScreen Test cases Started - verifyMainMenuOptions
2024-02-18 22:29:28,062 INFO c.m.u.Log [TestNG-test=Chrome-Test-1] DriverManager - unload() - Driver has been unload
2024-02-18 22:29:28,526 INFO c.m.u.Log [TestNG-test=Chrome-Test-3] com.myframework.testcases.signin_singup.VerifyUserSingIn Test cases Started - verifyUserTapOnSignInBtn
2024-02-18 22:29:29,093 INFO c.m.u.Log [TestNG-test=Firefox-Test-2] com.myframework.testcases.product.verifySortByOnProduct Test cases Started - hoverOnMenuAndSelectMenu
2024-02-18 22:29:29,094 INFO c.m.u.Log [TestNG-test=Firefox-Test-2] com.myframework.testcases.product.verifySortByOnProduct Test cases Started - verifyPageBreadCrumb
2024-02-18 22:29:29,787 INFO c.m.u.Log [TestNG-test=Chrome-Test-2] com.myframework.testcases.product.verifySortByOnProduct Test cases Started - hoverOnMenuAndSelectMenu
2024-02-18 22:29:29,788 INFO c.m.u.Log [TestNG-test=Chrome-Test-2] com.myframework.testcases.product.verifySortByOnProduct Test cases Started - verifyPageBreadCrumb
2024-02-18 22:29:29,997 INFO c.m.u.Log [TestNG-test=Chrome-Test-2] com.myframework.testcases.product.verifySortByOnProduct Test cases Started - verifyPageBreadCrumb
2024-02-18 22:29:29,998 INFO c.m.u.Log [TestNG-test=Chrome-Test-2] com.myframework.testcases.product.verifySortByOnProduct Test cases Started - selectSortOptionByText
2024-02-18 22:29:30,566 INFO c.m.u.Log [TestNG-test=Chrome-Test-3] com.myframework.testcases.signin_singup.VerifyUserSingIn Test cases Started - verifyInvalidUserLogin
2024-02-18 22:29:30,772 INFO c.m.u.Log [TestNG-test=Firefox-Test-1] DriverManager - unload() - Driver has been unload
2024-02-18 22:29:30,774 INFO c.m.u.Log [TestNG-test=Firefox-Test-1] beforeClass Started on Browser -firefox
2024-02-18 22:29:30,774 INFO c.m.u.Log [TestNG-test=Firefox-Test-1] BaseClass - setupDriver() initiated
2024-02-18 22:29:30,775 INFO c.m.u.Log [TestNG-test=Firefox-Test-1] BaseClass - loadProperties() initiated
2024-02-18 22:29:31,051 INFO c.m.u.Log [TestNG-test=Chrome-Test-2] com.myframework.testcases.product.verifySortByOnProduct Test cases Started - selectSortOptionByText
2024-02-18 22:29:31,054 INFO c.m.u.Log [TestNG-test=Chrome-Test-2] com.myframework.testcases.product.verifySortByOnProduct Test cases Started - scrollPageTillSortByOption
2024-02-18 22:29:31,109 INFO c.m.u.Log [TestNG-test=Chrome-Test-2] com.myframework.testcases.product.verifySortByOnProduct Test cases Started - scrollPageTillSortByOption
2024-02-18 22:29:31,111 INFO c.m.u.Log [TestNG-test=Chrome-Test-2] com.myframework.testcases.product.verifySortByOnProduct Test cases Started - verifyProductOrderBy
2024-02-18 22:29:31,491 INFO c.m.u.Log [TestNG-test=Chrome-Test-2] com.myframework.testcases.product.verifySortByOnProduct Test cases Started - verifyProductOrderBy
2024-02-18 22:29:32,492 INFO c.m.u.Log [TestNG-test=Chrome-Test-2] DriverManager - unload() - Driver has been unload
2024-02-18 22:29:32,761 INFO c.m.u.Log [TestNG-test=Chrome-Test-3] com.myframework.testcases.signin_singup.VerifyUserSingIn Test cases Started - verifyInvalidUserLogin
2024-02-18 22:29:32,763 INFO c.m.u.Log [TestNG-test=Chrome-Test-3] com.myframework.testcases.signin_singup.VerifyUserSingIn Test cases Started - verifyInvalidUserLogin
2024-02-18 22:29:33,858 INFO c.m.u.Log [TestNG-test=Chrome-Test-3] com.myframework.testcases.signin_singup.VerifyUserSingIn Test cases Started - verifyInvalidUserLogin
2024-02-18 22:29:33,861 INFO c.m.u.Log [TestNG-test=Chrome-Test-3] com.myframework.testcases.signin_singup.VerifyUserSingIn Test cases Started - verifyValidUserLogin
2024-02-18 22:29:35,101 INFO c.m.u.Log [TestNG-test=Chrome-Test-3] com.myframework.testcases.signin_singup.VerifyUserSingIn Test cases Started - verifyValidUserLogin
2024-02-18 22:29:35,103 INFO c.m.u.Log [TestNG-test=Chrome-Test-3] com.myframework.testcases.signin_singup.VerifyUserSingIn Test cases Started - verifyUserSignOut
2024-02-18 22:29:36,014 INFO c.m.u.Log [TestNG-test=Chrome-Test-3] com.myframework.testcases.signin_singup.VerifyUserSingIn Test cases Started - verifyUserSignOut
2024-02-18 22:29:36,424 INFO c.m.u.Log [TestNG-test=Firefox-Test-1] DriverManager - setDriver() - Firefox driver is setup
2024-02-18 22:29:36,425 INFO c.m.u.Log [TestNG-test=Firefox-Test-1] BaseClass - launchWebsite() initiated
2024-02-18 22:29:36,603 INFO c.m.u.Log [TestNG-test=Chrome-Test-3] DriverManager - unload() - Driver has been unload
2024-02-18 22:29:40,064 INFO c.m.u.Log [TestNG-test=Firefox-Test-1] com.myframework.testcases.signin_singup.VerifyUserSingIn Test cases Started - verifySignInBtnIsVisible
2024-02-18 22:29:40,090 INFO c.m.u.Log [TestNG-test=Firefox-Test-1] com.myframework.testcases.signin_singup.VerifyUserSingIn Test cases Started - verifySignInBtnIsVisible
2024-02-18 22:29:40,091 INFO c.m.u.Log [TestNG-test=Firefox-Test-1] com.myframework.testcases.signin_singup.VerifyUserSingIn Test cases Started - verifySignInBtnIsClickable
2024-02-18 22:29:40,121 INFO c.m.u.Log [TestNG-test=Firefox-Test-1] com.myframework.testcases.signin_singup.VerifyUserSingIn Test cases Started - verifySignInBtnIsClickable
2024-02-18 22:29:40,121 INFO c.m.u.Log [TestNG-test=Firefox-Test-1] com.myframework.testcases.signin_singup.VerifyUserSingIn Test cases Started - verifyUserTapOnSignInBtn
2024-02-18 22:29:40,878 INFO c.m.u.Log [TestNG-test=Firefox-Test-1] com.myframework.testcases.signin_singup.VerifyUserSingIn Test cases Started - verifyUserTapOnSignInBtn
2024-02-18 22:29:40,920 INFO c.m.u.Log [TestNG-test=Firefox-Test-1] com.myframework.testcases.signin_singup.VerifyUserSingIn Test cases Started - verifyInvalidUserLogin
2024-02-18 22:29:41,521 INFO c.m.u.Log [TestNG-test=Firefox-Test-1] com.myframework.testcases.signin_singup.VerifyUserSingIn Test cases Started - verifyInvalidUserLogin
2024-02-18 22:29:41,522 INFO c.m.u.Log [TestNG-test=Firefox-Test-1] com.myframework.testcases.signin_singup.VerifyUserSingIn Test cases Started - verifyInvalidUserLogin
2024-02-18 22:29:42,136 INFO c.m.u.Log [TestNG-test=Firefox-Test-1] com.myframework.testcases.signin_singup.VerifyUserSingIn Test cases Started - verifyInvalidUserLogin
2024-02-18 22:29:42,137 INFO c.m.u.Log [TestNG-test=Firefox-Test-1] com.myframework.testcases.signin_singup.VerifyUserSingIn Test cases Started - verifyValidUserLogin
2024-02-18 22:29:43,006 INFO c.m.u.Log [TestNG-test=Firefox-Test-1] com.myframework.testcases.signin_singup.VerifyUserSingIn Test cases Started - verifyValidUserLogin
2024-02-18 22:29:43,008 INFO c.m.u.Log [TestNG-test=Firefox-Test-1] com.myframework.testcases.signin_singup.VerifyUserSingIn Test cases Started - verifyUserSignOut
2024-02-18 22:29:43,921 INFO c.m.u.Log [TestNG-test=Firefox-Test-1] com.myframework.testcases.signin_singup.VerifyUserSingIn Test cases Started - verifyUserSignOut
2024-02-18 22:29:44,184 INFO c.m.u.Log [TestNG-test=Firefox-Test-2] com.myframework.testcases.product.verifySortByOnProduct Test cases Started - verifyPageBreadCrumb
2024-02-18 22:29:44,185 INFO c.m.u.Log [TestNG-test=Firefox-Test-2] com.myframework.testcases.product.verifySortByOnProduct Test cases Started - selectSortOptionByText
2024-02-18 22:29:45,046 INFO c.m.u.Log [TestNG-test=Firefox-Test-1] DriverManager - unload() - Driver has been unload
2024-02-18 22:29:45,114 INFO c.m.u.Log [TestNG-test=Firefox-Test-2] com.myframework.testcases.product.verifySortByOnProduct Test cases Started - selectSortOptionByText
2024-02-18 22:29:45,116 INFO c.m.u.Log [TestNG-test=Firefox-Test-2] com.myframework.testcases.product.verifySortByOnProduct Test cases Started - scrollPageTillSortByOption
2024-02-18 22:29:45,132 INFO c.m.u.Log [TestNG-test=Firefox-Test-2] com.myframework.testcases.product.verifySortByOnProduct Test cases Started - scrollPageTillSortByOption
2024-02-18 22:29:45,133 INFO c.m.u.Log [TestNG-test=Firefox-Test-2] com.myframework.testcases.product.verifySortByOnProduct Test cases Started - verifyProductOrderBy
2024-02-18 22:29:45,218 INFO c.m.u.Log [TestNG-test=Firefox-Test-2] com.myframework.testcases.product.verifySortByOnProduct Test cases Started - verifyProductOrderBy
2024-02-18 22:29:46,077 INFO c.m.u.Log [TestNG-test=Firefox-Test-2] DriverManager - unload() - Driver has been unload
2024-02-18 22:29:46,084 INFO c.m.u.Log [main] Test Suit Execution Ended
